This is pdfTeX, Version 3.14159265-2.6-1.40.19 (TeX Live 2018) (preloaded format=pdflatex 2018.5.4)  19 SEP 2018 22:44
entering extended mode
 restricted \write18 enabled.
 file:line:error style messages enabled.
 %&-line parsing enabled.
**"/Users/iderek/Desktop/brzi start/zavrsni.tex"
(/Users/iderek/Desktop/brzi start/zavrsni.tex
LaTeX2e <2018-04-01> patch level 2
Babel <3.18> and hyphenation patterns for 84 language(s) loaded.
(./fer.cls
Document Class: fer 
(/usr/local/texlive/2018/texmf-dist/tex/latex/base/report.cls
Document Class: report 2014/09/29 v1.4h Standard LaTeX document class
(/usr/local/texlive/2018/texmf-dist/tex/latex/base/size12.clo
File: size12.clo 2014/09/29 v1.4h Standard LaTeX file (size option)
)
\c@part=\count80
\c@chapter=\count81
\c@section=\count82
\c@subsection=\count83
\c@subsubsection=\count84
\c@paragraph=\count85
\c@subparagraph=\count86
\c@figure=\count87
\c@table=\count88
\abovecaptionskip=\skip41
\belowcaptionskip=\skip42
\bibindent=\dimen102
) (/usr/local/texlive/2018/texmf-dist/tex/latex/geometry/geometry.sty
Package: geometry 2018/03/24 v5.7 Page Geometry
 (/usr/local/texlive/2018/texmf-dist/tex/latex/graphics/keyval.sty
Package: keyval 2014/10/28 v1.15 key=value parser (DPC)
\KV@toks@=\toks14
) (/usr/local/texlive/2018/texmf-dist/tex/generic/oberdiek/ifpdf.sty
Package: ifpdf 2017/03/15 v3.2 Provides the ifpdf switch
) (/usr/local/texlive/2018/texmf-dist/tex/generic/oberdiek/ifvtex.sty
Package: ifvtex 2016/05/16 v1.6 Detect VTeX and its facilities (HO)
Package ifvtex Info: VTeX not detected.
) (/usr/local/texlive/2018/texmf-dist/tex/generic/ifxetex/ifxetex.sty
Package: ifxetex 2010/09/12 v0.6 Provides ifxetex conditional
)
\Gm@cnth=\count89
\Gm@cntv=\count90
\c@Gm@tempcnt=\count91
\Gm@bindingoffset=\dimen103
\Gm@wd@mp=\dimen104
\Gm@odd@mp=\dimen105
\Gm@even@mp=\dimen106
\Gm@layoutwidth=\dimen107
\Gm@layoutheight=\dimen108
\Gm@layouthoffset=\dimen109
\Gm@layoutvoffset=\dimen110
\Gm@dimlist=\toks15
) (/usr/local/texlive/2018/texmf-dist/tex/latex/base/inputenc.sty
Package: inputenc 2018/04/06 v1.3b Input encoding file
\inpenc@prehook=\toks16
\inpenc@posthook=\toks17
) (/usr/local/texlive/2018/texmf-dist/tex/generic/babel/babel.sty
Package: babel 2018/02/14 3.18 The Babel package
 (/usr/local/texlive/2018/texmf-dist/tex/generic/babel/switch.def
File: switch.def 2018/02/14 3.18 Babel switching mechanism
) (/usr/local/texlive/2018/texmf-dist/tex/generic/babel-croatian/croatian.ldf
Language: croatian 2014/03/31 v1.3m Croatian support from the babel system
 (/usr/local/texlive/2018/texmf-dist/tex/generic/babel/babel.def
File: babel.def 2018/02/14 3.18 Babel common definitions
\babel@savecnt=\count92
\U@D=\dimen111
 (/usr/local/texlive/2018/texmf-dist/tex/generic/babel/txtbabel.def)
\bbl@dirlevel=\count93
))) (/usr/local/texlive/2018/texmf-dist/tex/latex/base/fontenc.sty
Package: fontenc 2017/04/05 v2.0i Standard LaTeX package
 (/usr/local/texlive/2018/texmf-dist/tex/latex/base/t1enc.def
File: t1enc.def 2017/04/05 v2.0i Standard LaTeX file
LaTeX Font Info:    Redeclaring font encoding T1 on input line 48.
)) (/usr/local/texlive/2018/texmf-dist/tex/latex/graphics/graphicx.sty
Package: graphicx 2017/06/01 v1.1a Enhanced LaTeX Graphics (DPC,SPQR)
 (/usr/local/texlive/2018/texmf-dist/tex/latex/graphics/graphics.sty
Package: graphics 2017/06/25 v1.2c Standard LaTeX Graphics (DPC,SPQR)
 (/usr/local/texlive/2018/texmf-dist/tex/latex/graphics/trig.sty
Package: trig 2016/01/03 v1.10 sin cos tan (DPC)
) (/usr/local/texlive/2018/texmf-dist/tex/latex/graphics-cfg/graphics.cfg
File: graphics.cfg 2016/06/04 v1.11 sample graphics configuration
)
Package graphics Info: Driver file: pdftex.def on input line 99.
 (/usr/local/texlive/2018/texmf-dist/tex/latex/graphics-def/pdftex.def
File: pdftex.def 2018/01/08 v1.0l Graphics/color driver for pdftex
))
\Gin@req@height=\dimen112
\Gin@req@width=\dimen113
) (/usr/local/texlive/2018/texmf-dist/tex/latex/amsfonts/amssymb.sty
Package: amssymb 2013/01/14 v3.01 AMS font symbols
 (/usr/local/texlive/2018/texmf-dist/tex/latex/amsfonts/amsfonts.sty
Package: amsfonts 2013/01/14 v3.01 Basic AMSFonts support
\@emptytoks=\toks18
\symAMSa=\mathgroup4
\symAMSb=\mathgroup5
LaTeX Font Info:    Overwriting math alphabet `\mathfrak' in version `bold'
(Font)                  U/euf/m/n --> U/euf/b/n on input line 106.
)) (/usr/local/texlive/2018/texmf-dist/tex/latex/amsmath/amsmath.sty
Package: amsmath 2017/09/02 v2.17a AMS math features
\@mathmargin=\skip43

For additional information on amsmath, use the `?' option.
(/usr/local/texlive/2018/texmf-dist/tex/latex/amsmath/amstext.sty
Package: amstext 2000/06/29 v2.01 AMS text
 (/usr/local/texlive/2018/texmf-dist/tex/latex/amsmath/amsgen.sty
File: amsgen.sty 1999/11/30 v2.0 generic functions
\@emptytoks=\toks19
\ex@=\dimen114
)) (/usr/local/texlive/2018/texmf-dist/tex/latex/amsmath/amsbsy.sty
Package: amsbsy 1999/11/29 v1.2d Bold Symbols
\pmbraise@=\dimen115
) (/usr/local/texlive/2018/texmf-dist/tex/latex/amsmath/amsopn.sty
Package: amsopn 2016/03/08 v2.02 operator names
)
\inf@bad=\count94
LaTeX Info: Redefining \frac on input line 213.
\uproot@=\count95
\leftroot@=\count96
LaTeX Info: Redefining \overline on input line 375.
\classnum@=\count97
\DOTSCASE@=\count98
LaTeX Info: Redefining \ldots on input line 472.
LaTeX Info: Redefining \dots on input line 475.
LaTeX Info: Redefining \cdots on input line 596.
\Mathstrutbox@=\box26
\strutbox@=\box27
\big@size=\dimen116
LaTeX Font Info:    Redeclaring font encoding OML on input line 712.
LaTeX Font Info:    Redeclaring font encoding OMS on input line 713.
\macc@depth=\count99
\c@MaxMatrixCols=\count100
\dotsspace@=\muskip10
\c@parentequation=\count101
\dspbrk@lvl=\count102
\tag@help=\toks20
\row@=\count103
\column@=\count104
\maxfields@=\count105
\andhelp@=\toks21
\eqnshift@=\dimen117
\alignsep@=\dimen118
\tagshift@=\dimen119
\tagwidth@=\dimen120
\totwidth@=\dimen121
\lineht@=\dimen122
\@envbody=\toks22
\multlinegap=\skip44
\multlinetaggap=\skip45
\mathdisplay@stack=\toks23
LaTeX Info: Redefining \[ on input line 2817.
LaTeX Info: Redefining \] on input line 2818.
) (/usr/local/texlive/2018/texmf-dist/tex/latex/base/fixltx2e.sty
Package: fixltx2e 2016/12/29 v2.1a fixes to LaTeX (obsolete)
Applying: [2015/01/01] Old fixltx2e package on input line 46.


Package fixltx2e Warning: fixltx2e is not required with releases after 2015
(fixltx2e)                All fixes are now in the LaTeX kernel.
(fixltx2e)                See the latexrelease package for details.

Already applied: [0000/00/00] Old fixltx2e package on input line 53.
) (/usr/local/texlive/2018/texmf-dist/tex/latex/caption/caption.sty
Package: caption 2016/02/21 v3.3-144 Customizing captions (AR)
 (/usr/local/texlive/2018/texmf-dist/tex/latex/caption/caption3.sty
Package: caption3 2016/05/22 v1.7-166 caption3 kernel (AR)
Package caption3 Info: TeX engine: e-TeX on input line 67.
\captionmargin=\dimen123
\captionmargin@=\dimen124
\captionwidth=\dimen125
\caption@tempdima=\dimen126
\caption@indent=\dimen127
\caption@parindent=\dimen128
\caption@hangindent=\dimen129
)
\c@ContinuedFloat=\count106
) (/usr/local/texlive/2018/texmf-dist/tex/latex/base/ifthen.sty
Package: ifthen 2014/09/29 v1.1c Standard LaTeX ifthen package (DPC)
) (/usr/local/texlive/2018/texmf-dist/tex/latex/url/url.sty
\Urlmuskip=\muskip11
Package: url 2013/09/16  ver 3.4  Verb mode for urls, etc.
) (/usr/local/texlive/2018/texmf-dist/tex/latex/enumitem/enumitem.sty
Package: enumitem 2011/09/28 v3.5.2 Customized lists
\labelindent=\skip46
\enit@outerparindent=\dimen130
\enit@toks=\toks24
\enit@inbox=\box28
\enitdp@description=\count107
) (/usr/local/texlive/2018/texmf-dist/tex/latex/tocbibind/tocbibind.sty
Package: tocbibind 2010/10/13 v1.5k extra ToC listings
Package tocbibind Info: The document has chapter divisions on input line 50.


Package tocbibind Note: Using chapter style headings, unless overridden.

) (/usr/local/texlive/2018/texmf-dist/tex/latex/psnfss/times.sty
Package: times 2005/04/12 PSNFSS-v9.2a (SPQR) 
) (/usr/local/texlive/2018/texmf-dist/tex/latex/natbib/natbib.sty
Package: natbib 2010/09/13 8.31b (PWD, AO)
\bibhang=\skip47
\bibsep=\skip48
LaTeX Info: Redefining \cite on input line 694.
\c@NAT@ctr=\count108
)
\listindentation=\dimen131
) (/usr/local/texlive/2018/texmf-dist/tex/latex/booktabs/booktabs.sty
Package: booktabs 2016/04/27 v1.618033 publication quality tables
\heavyrulewidth=\dimen132
\lightrulewidth=\dimen133
\cmidrulewidth=\dimen134
\belowrulesep=\dimen135
\belowbottomsep=\dimen136
\aboverulesep=\dimen137
\abovetopsep=\dimen138
\cmidrulesep=\dimen139
\cmidrulekern=\dimen140
\defaultaddspace=\dimen141
\@cmidla=\count109
\@cmidlb=\count110
\@aboverulesep=\dimen142
\@belowrulesep=\dimen143
\@thisruleclass=\count111
\@lastruleclass=\count112
\@thisrulewidth=\dimen144
) (/usr/local/texlive/2018/texmf-dist/tex/latex/pdfpages/pdfpages.sty
Package: pdfpages 2017/10/31 v0.5l Insert pages of external PDF documents (AM)
 (/usr/local/texlive/2018/texmf-dist/tex/latex/tools/calc.sty
Package: calc 2017/05/25 v4.3 Infix arithmetic (KKT,FJ)
\calc@Acount=\count113
\calc@Bcount=\count114
\calc@Adimen=\dimen145
\calc@Bdimen=\dimen146
\calc@Askip=\skip49
\calc@Bskip=\skip50
LaTeX Info: Redefining \setlength on input line 80.
LaTeX Info: Redefining \addtolength on input line 81.
\calc@Ccount=\count115
\calc@Cskip=\skip51
) (/usr/local/texlive/2018/texmf-dist/tex/latex/eso-pic/eso-pic.sty
Package: eso-pic 2015/07/21 v2.0g eso-pic (RN)
 (/usr/local/texlive/2018/texmf-dist/tex/generic/oberdiek/atbegshi.sty
Package: atbegshi 2016/06/09 v1.18 At begin shipout hook (HO)
 (/usr/local/texlive/2018/texmf-dist/tex/generic/oberdiek/infwarerr.sty
Package: infwarerr 2016/05/16 v1.4 Providing info/warning/error messages (HO)
) (/usr/local/texlive/2018/texmf-dist/tex/generic/oberdiek/ltxcmds.sty
Package: ltxcmds 2016/05/16 v1.23 LaTeX kernel commands for general use (HO)
)) (/usr/local/texlive/2018/texmf-dist/tex/latex/xcolor/xcolor.sty
Package: xcolor 2016/05/11 v2.12 LaTeX color extensions (UK)
 (/usr/local/texlive/2018/texmf-dist/tex/latex/graphics-cfg/color.cfg
File: color.cfg 2016/01/02 v1.6 sample color configuration
)
Package xcolor Info: Driver file: pdftex.def on input line 225.
Package xcolor Info: Model `cmy' substituted by `cmy0' on input line 1348.
Package xcolor Info: Model `hsb' substituted by `rgb' on input line 1352.
Package xcolor Info: Model `RGB' extended on input line 1364.
Package xcolor Info: Model `HTML' substituted by `rgb' on input line 1366.
Package xcolor Info: Model `Hsb' substituted by `hsb' on input line 1367.
Package xcolor Info: Model `tHsb' substituted by `hsb' on input line 1368.
Package xcolor Info: Model `HSB' substituted by `hsb' on input line 1369.
Package xcolor Info: Model `Gray' substituted by `gray' on input line 1370.
Package xcolor Info: Model `wave' substituted by `hsb' on input line 1371.
))
\AM@pagewidth=\dimen147
\AM@pageheight=\dimen148
 (/usr/local/texlive/2018/texmf-dist/tex/latex/pdfpages/pppdftex.def
File: pppdftex.def 2017/10/31 v0.5l Pdfpages driver for pdfTeX (AM)
)
\AM@pagebox=\box29
\AM@global@opts=\toks25
\AM@toc@title=\toks26
\c@AM@survey=\count116
\AM@templatesizebox=\box30
) (/usr/local/texlive/2018/texmf-dist/tex/latex/subfig/subfig.sty
Package: subfig 2005/06/28 ver: 1.3 subfig package
\c@KVtest=\count117
\sf@farskip=\skip52
\sf@captopadj=\dimen149
\sf@capskip=\skip53
\sf@nearskip=\skip54
\c@subfigure=\count118
\c@subfigure@save=\count119
\c@lofdepth=\count120
\c@subtable=\count121
\c@subtable@save=\count122
\c@lotdepth=\count123
\sf@top=\skip55
\sf@bottom=\skip56
) (/usr/local/texlive/2018/texmf-dist/tex/latex/placeins/placeins.sty
Package: placeins 2005/04/18  v 2.2
) (./zavrsni.aux

LaTeX Warning: Label `fig:rez_1' multiply defined.


LaTeX Warning: Label `fig:rez_1' multiply defined.


LaTeX Warning: Label `fig:rez_1' multiply defined.

)
\openout1 = `zavrsni.aux'.

LaTeX Font Info:    Checking defaults for OML/cmm/m/it on input line 9.
LaTeX Font Info:    ... okay on input line 9.
LaTeX Font Info:    Checking defaults for T1/cmr/m/n on input line 9.
LaTeX Font Info:    ... okay on input line 9.
LaTeX Font Info:    Checking defaults for OT1/cmr/m/n on input line 9.
LaTeX Font Info:    ... okay on input line 9.
LaTeX Font Info:    Checking defaults for OMS/cmsy/m/n on input line 9.
LaTeX Font Info:    ... okay on input line 9.
LaTeX Font Info:    Checking defaults for OMX/cmex/m/n on input line 9.
LaTeX Font Info:    ... okay on input line 9.
LaTeX Font Info:    Checking defaults for U/cmr/m/n on input line 9.
LaTeX Font Info:    ... okay on input line 9.
LaTeX Font Info:    Try loading font information for T1+ptm on input line 9.
 (/usr/local/texlive/2018/texmf-dist/tex/latex/psnfss/t1ptm.fd
File: t1ptm.fd 2001/06/04 font definitions for T1/ptm.
)
*geometry* driver: auto-detecting
*geometry* detected driver: pdftex
*geometry* verbose mode - [ preamble ] result:
* driver: pdftex
* paper: a4paper
* layout: <same size as paper>
* layoutoffset:(h,v)=(0.0pt,0.0pt)
* modes: 
* h-part:(L,W,R)=(99.58464pt, 412.56497pt, 85.35826pt)
* v-part:(T,H,B)=(85.35826pt, 674.33032pt, 85.35826pt)
* \paperwidth=597.50787pt
* \paperheight=845.04684pt
* \textwidth=412.56497pt
* \textheight=674.33032pt
* \oddsidemargin=27.31465pt
* \evensidemargin=27.31465pt
* \topmargin=-23.91173pt
* \headheight=12.0pt
* \headsep=25.0pt
* \topskip=12.0pt
* \footskip=30.0pt
* \marginparwidth=44.0pt
* \marginparsep=10.0pt
* \columnsep=10.0pt
* \skip\footins=10.8pt plus 4.0pt minus 2.0pt
* \hoffset=0.0pt
* \voffset=0.0pt
* \mag=1000
* \@twocolumnfalse
* \@twosidefalse
* \@mparswitchfalse
* \@reversemarginfalse
* (1in=72.27pt=25.4mm, 1cm=28.453pt)

(/usr/local/texlive/2018/texmf-dist/tex/context/base/mkii/supp-pdf.mkii
[Loading MPS to PDF converter (version 2006.09.02).]
\scratchcounter=\count124
\scratchdimen=\dimen150
\scratchbox=\box31
\nofMPsegments=\count125
\nofMParguments=\count126
\everyMPshowfont=\toks27
\MPscratchCnt=\count127
\MPscratchDim=\dimen151
\MPnumerator=\count128
\makeMPintoPDFobject=\count129
\everyMPtoPDFconversion=\toks28
) (/usr/local/texlive/2018/texmf-dist/tex/latex/oberdiek/epstopdf-base.sty
Package: epstopdf-base 2016/05/15 v2.6 Base part for package epstopdf
 (/usr/local/texlive/2018/texmf-dist/tex/latex/oberdiek/grfext.sty
Package: grfext 2016/05/16 v1.2 Manage graphics extensions (HO)
 (/usr/local/texlive/2018/texmf-dist/tex/generic/oberdiek/kvdefinekeys.sty
Package: kvdefinekeys 2016/05/16 v1.4 Define keys (HO)
)) (/usr/local/texlive/2018/texmf-dist/tex/latex/oberdiek/kvoptions.sty
Package: kvoptions 2016/05/16 v3.12 Key value format for package options (HO)
 (/usr/local/texlive/2018/texmf-dist/tex/generic/oberdiek/kvsetkeys.sty
Package: kvsetkeys 2016/05/16 v1.17 Key value parser (HO)
 (/usr/local/texlive/2018/texmf-dist/tex/generic/oberdiek/etexcmds.sty
Package: etexcmds 2016/05/16 v1.6 Avoid name clashes with e-TeX commands (HO)
 (/usr/local/texlive/2018/texmf-dist/tex/generic/oberdiek/ifluatex.sty
Package: ifluatex 2016/05/16 v1.4 Provides the ifluatex switch (HO)
Package ifluatex Info: LuaTeX not detected.
)
Package etexcmds Info: Could not find \expanded.
(etexcmds)             That can mean that you are not using pdfTeX 1.50 or
(etexcmds)             that some package has redefined \expanded.
(etexcmds)             In the latter case, load this package earlier.
))) (/usr/local/texlive/2018/texmf-dist/tex/generic/oberdiek/pdftexcmds.sty
Package: pdftexcmds 2018/01/30 v0.27 Utility functions of pdfTeX for LuaTeX (HO)
Package pdftexcmds Info: LuaTeX not detected.
Package pdftexcmds Info: \pdf@primitive is available.
Package pdftexcmds Info: \pdf@ifprimitive is available.
Package pdftexcmds Info: \pdfdraftmode found.
)
Package epstopdf-base Info: Redefining graphics rule for `.eps' on input line 438.
Package grfext Info: Graphics extension search list:
(grfext)             [.pdf,.png,.jpg,.mps,.jpeg,.jbig2,.jb2,.PDF,.PNG,.JPG,.JPEG,.JBIG2,.JB2,.eps]
(grfext)             \AppendGraphicsExtensions on input line 456.
 (/usr/local/texlive/2018/texmf-dist/tex/latex/latexconfig/epstopdf-sys.cfg
File: epstopdf-sys.cfg 2010/07/13 v1.3 Configuration of (r)epstopdf for TeX Live
))
Package caption Info: Begin \AtBeginDocument code.
Package caption Info: subfig package v1.3 is loaded.
Package caption Info: End \AtBeginDocument code.
\AtBeginShipoutBox=\box32
 (/usr/local/texlive/2018/texmf-dist/tex/latex/oberdiek/pdflscape.sty
Package: pdflscape 2016/05/14 v0.11 Display of landscape pages in PDF (HO)
 (/usr/local/texlive/2018/texmf-dist/tex/latex/graphics/lscape.sty
Package: lscape 2000/10/22 v3.01 Landscape Pages (DPC)
)
Package pdflscape Info: Auto-detected driver: pdftex on input line 81.
)
LaTeX Font Info:    Try loading font information for T1+phv on input line 20.
 (/usr/local/texlive/2018/texmf-dist/tex/latex/psnfss/t1phv.fd
File: t1phv.fd 2001/06/04 scalable font definitions for T1/phv.
)
LaTeX Font Info:    Font shape `T1/ptm/bx/n' in size <14.4> not available
(Font)              Font shape `T1/ptm/b/n' tried instead on input line 20.
LaTeX Font Info:    Font shape `T1/phv/bx/n' in size <14.4> not available
(Font)              Font shape `T1/phv/b/n' tried instead on input line 20.
LaTeX Font Info:    Font shape `T1/ptm/bx/n' in size <24.88> not available
(Font)              Font shape `T1/ptm/b/n' tried instead on input line 20.
LaTeX Font Info:    Font shape `T1/phv/bx/n' in size <24.88> not available
(Font)              Font shape `T1/phv/b/n' tried instead on input line 20.
LaTeX Font Info:    Try loading font information for U+msa on input line 20.
 (/usr/local/texlive/2018/texmf-dist/tex/latex/amsfonts/umsa.fd
File: umsa.fd 2013/01/14 v3.01 AMS symbols A
)
LaTeX Font Info:    Try loading font information for U+msb on input line 20.
 (/usr/local/texlive/2018/texmf-dist/tex/latex/amsfonts/umsb.fd
File: umsb.fd 2013/01/14 v3.01 AMS symbols B
) [1

{/usr/local/texlive/2018/texmf-var/fonts/map/pdftex/updmap/pdftex.map}]
<zadatak.pdf, id=8, 597.23125pt x 845.1575pt>
File: zadatak.pdf Graphic file (type pdf)
<use zadatak.pdf>
Package pdftex.def Info: zadatak.pdf  used on input line 23.
(pdftex.def)             Requested size: 597.22978pt x 845.15544pt.
File: zadatak.pdf Graphic file (type pdf)
<use zadatak.pdf>
Package pdftex.def Info: zadatak.pdf  used on input line 23.
(pdftex.def)             Requested size: 597.22978pt x 845.15544pt.
<zadatak.pdf, id=11, page=1, 597.23125pt x 845.1575pt>
File: zadatak.pdf Graphic file (type pdf)
<use zadatak.pdf, page 1>
Package pdftex.def Info: zadatak.pdf , page1 used on input line 23.
(pdftex.def)             Requested size: 597.22978pt x 845.15544pt.
File: zadatak.pdf Graphic file (type pdf)
<use zadatak.pdf, page 1>
Package pdftex.def Info: zadatak.pdf , page1 used on input line 23.
(pdftex.def)             Requested size: 597.25711pt x 845.19412pt.
File: zadatak.pdf Graphic file (type pdf)
<use zadatak.pdf, page 1>
Package pdftex.def Info: zadatak.pdf , page1 used on input line 23.
(pdftex.def)             Requested size: 597.25711pt x 845.19412pt.
File: zadatak.pdf Graphic file (type pdf)
<use zadatak.pdf, page 1>
Package pdftex.def Info: zadatak.pdf , page1 used on input line 23.
(pdftex.def)             Requested size: 597.25711pt x 845.19412pt.
File: zadatak.pdf Graphic file (type pdf)
<use zadatak.pdf, page 1>
Package pdftex.def Info: zadatak.pdf , page1 used on input line 23.
(pdftex.def)             Requested size: 597.25711pt x 845.19412pt.
 [1 <./zadatak.pdf>] [3] (./zavrsni.toc
LaTeX Font Info:    Font shape `T1/ptm/bx/n' in size <12> not available
(Font)              Font shape `T1/ptm/b/n' tried instead on input line 2.
)
\tf@toc=\write3
\openout3 = `zavrsni.toc'.

 [4

]
Poglavlje 1.
[1

]
Poglavlje 2.
LaTeX Font Info:    Font shape `T1/ptm/bx/n' in size <17.28> not available
(Font)              Font shape `T1/ptm/b/n' tried instead on input line 47.
<ram.jpeg, id=34, 1595.9625pt x 536.0025pt>
File: ram.jpeg Graphic file (type jpg)
<use ram.jpeg>
Package pdftex.def Info: ram.jpeg  used on input line 60.
(pdftex.def)             Requested size: 412.56497pt x 138.55585pt.
LaTeX Font Info:    Font shape `T1/ptm/bx/n' in size <10.95> not available
(Font)              Font shape `T1/ptm/b/n' tried instead on input line 61.

LaTeX Warning: `h' float specifier changed to `ht'.

[2

] [3 <./ram.jpeg>]
<hdd.jpg, id=43, 308.352pt x 231.264pt>
File: hdd.jpg Graphic file (type jpg)
<use hdd.jpg>
Package pdftex.def Info: hdd.jpg  used on input line 93.
(pdftex.def)             Requested size: 412.56497pt x 309.42987pt.
<ssd.jpg, id=44, 642.4pt x 481.8pt>
File: ssd.jpg Graphic file (type jpg)
<use ssd.jpg>
Package pdftex.def Info: ssd.jpg  used on input line 109.
(pdftex.def)             Requested size: 412.56497pt x 309.43164pt.
 [4 <./hdd.jpg>]
<memory_prices.png, id=48, 1019.81pt x 511.9125pt>
File: memory_prices.png Graphic file (type png)
<use memory_prices.png>
Package pdftex.def Info: memory_prices.png  used on input line 124.
(pdftex.def)             Requested size: 412.56497pt x 207.09691pt.
 [5 <./ssd.jpg>] [6 <./memory_prices.png>]
Poglavlje 3.
[7

]
<sockets.png, id=60, 1120.185pt x 614.295pt>
File: sockets.png Graphic file (type png)
<use sockets.png>
Package pdftex.def Info: sockets.png  used on input line 153.
(pdftex.def)             Requested size: 412.56497pt x 226.24513pt.

Underfull \hbox (badness 1406) in paragraph at lines 144--166
\T1/ptm/m/n/12 TCP (eng. \T1/ptm/m/it/12 Tran-smi-ssion Con-trol Pro-to-col\T1/ptm/m/n/12 )[] ili UDP (eng. \T1/ptm/m/it/12 User Da-ta-gram
 []

[8 <./sockets.png>] [9]
<server_example.png, id=69, 759.83875pt x 583.17876pt>
File: server_example.png Graphic file (type png)
<use server_example.png>
Package pdftex.def Info: server_example.png  used on input line 204.
(pdftex.def)             Requested size: 412.56497pt x 316.64706pt.
<client_example.png, id=70, 808.01875pt x 553.06625pt>
File: client_example.png Graphic file (type png)
<use client_example.png>
Package pdftex.def Info: client_example.png  used on input line 210.
(pdftex.def)             Requested size: 412.56497pt x 282.38918pt.


LaTeX Warning: `!h' float specifier changed to `!ht'.

[10 <./server_example.png>] [11 <./client_example.png>]
Poglavlje 4.
<time_measure.png, id=79, 644.4075pt x 215.80624pt>
File: time_measure.png Graphic file (type png)
<use time_measure.png>
Package pdftex.def Info: time_measure.png  used on input line 229.
(pdftex.def)             Requested size: 412.56497pt x 138.1682pt.

LaTeX Warning: `!h' float specifier changed to `!ht'.

<graf_relations.png, id=80, 1068.99374pt x 706.64pt>
File: graf_relations.png Graphic file (type png)
<use graf_relations.png>
Package pdftex.def Info: graf_relations.png  used on input line 235.
(pdftex.def)             Requested size: 412.56497pt x 272.72035pt.

LaTeX Warning: `!h' float specifier changed to `!ht'.

[12

]
<memory_pc.png, id=84, 715.67375pt x 432.61626pt>
File: memory_pc.png Graphic file (type png)
<use memory_pc.png>
Package pdftex.def Info: memory_pc.png  used on input line 254.
(pdftex.def)             Requested size: 412.56497pt x 249.39273pt.


LaTeX Warning: `!h' float specifier changed to `!ht'.

<memory_andr.png, id=85, 698.61pt x 240.9pt>
File: memory_andr.png Graphic file (type png)
<use memory_andr.png>
Package pdftex.def Info: memory_andr.png  used on input line 266.
(pdftex.def)             Requested size: 412.56497pt x 142.26576pt.
[13 <./time_measure.png> <./graf_relations.png (PNG copy)>] [14 <./memory_pc.png> <./memory_andr.png>]
<graf_slanje_1.png, id=95, 1027.84pt x 1284.8pt>
File: graf_slanje_1.png Graphic file (type png)
<use graf_slanje_1.png>
Package pdftex.def Info: graf_slanje_1.png  used on input line 295.
(pdftex.def)             Requested size: 206.28249pt x 257.83765pt.
LaTeX Font Info:    Font shape `T1/ptm/bx/n' in size <10> not available
(Font)              Font shape `T1/ptm/b/n' tried instead on input line 295.
<graf_citanje_1.png, id=96, 1027.84pt x 1284.8pt>
File: graf_citanje_1.png Graphic file (type png)
<use graf_citanje_1.png>
Package pdftex.def Info: graf_citanje_1.png  used on input line 297.
(pdftex.def)             Requested size: 206.28249pt x 257.83765pt.
 [15]
<1_graf.png, id=101, 4112.163pt x 2510.178pt>
File: 1_graf.png Graphic file (type png)
<use 1_graf.png>
Package pdftex.def Info: 1_graf.png  used on input line 310.
(pdftex.def)             Requested size: 618.84746pt x 377.73613pt.


LaTeX Warning: `!h' float specifier changed to `!ht'.

[16 <./graf_slanje_1.png (PNG copy)> <./graf_citanje_1.png (PNG copy)>]

LaTeX Warning: Text page 17 contains only floats.


Overfull \vbox (0.19716pt too high) has occurred while \output is active []

 [17 <./1_graf.png>]
<graf_slanje_2.png, id=109, 1027.84pt x 1284.8pt>
File: graf_slanje_2.png Graphic file (type png)
<use graf_slanje_2.png>
Package pdftex.def Info: graf_slanje_2.png  used on input line 339.
(pdftex.def)             Requested size: 206.28249pt x 257.83765pt.
<graf_citanje_2.png, id=110, 1027.84pt x 1284.8pt>
File: graf_citanje_2.png Graphic file (type png)
<use graf_citanje_2.png>
Package pdftex.def Info: graf_citanje_2.png  used on input line 341.
(pdftex.def)             Requested size: 206.28249pt x 257.83765pt.


LaTeX Warning: `!h' float specifier changed to `!ht'.

<2_graf.png, id=111, 4112.163pt x 2510.178pt>
File: 2_graf.png Graphic file (type png)
<use 2_graf.png>
Package pdftex.def Info: 2_graf.png  used on input line 356.
(pdftex.def)             Requested size: 618.84746pt x 377.73613pt.
<2_1.png, id=112, 3716.6052pt x 2510.178pt>
File: 2_1.png Graphic file (type png)
<use 2_1.png>
Package pdftex.def Info: 2_1.png  used on input line 362.
(pdftex.def)             Requested size: 618.84746pt x 417.95341pt.

Overfull \hbox (5.38844pt too wide) in paragraph at lines 362--363
 [][] 
 []

[18]

LaTeX Warning: `!h' float specifier changed to `!ht'.


LaTeX Warning: `!h' float specifier changed to `!ht'.

[19 <./graf_slanje_2.png (PNG copy)> <./graf_citanje_2.png (PNG copy)>]

LaTeX Warning: Text page 20 contains only floats.


Overfull \vbox (0.19716pt too high) has occurred while \output is active []

 [20 <./2_graf.png>]

LaTeX Warning: Text page 21 contains only floats.


Overfull \vbox (0.19716pt too high) has occurred while \output is active []

 [21 <./2_1.png>]
<graf_slanje_3.png, id=128, 1026.83624pt x 1181.41376pt>
File: graf_slanje_3.png Graphic file (type png)
<use graf_slanje_3.png>
Package pdftex.def Info: graf_slanje_3.png  used on input line 375.
(pdftex.def)             Requested size: 206.28249pt x 237.32413pt.
 [22]
<3_graf.png, id=132, 2491.3878pt x 1168.365pt>
File: 3_graf.png Graphic file (type png)
<use 3_graf.png>
Package pdftex.def Info: 3_graf.png  used on input line 388.
(pdftex.def)             Requested size: 412.56497pt x 193.4672pt.
<3_2_1_lokalna.png, id=133, 1905.0372pt x 1167.8832pt>
File: 3_2_1_lokalna.png Graphic file (type png)
<use 3_2_1_lokalna.png>
Package pdftex.def Info: 3_2_1_lokalna.png  used on input line 394.
(pdftex.def)             Requested size: 412.56497pt x 252.90767pt.
<3_2_1_javna.png, id=134, 1905.0372pt x 1167.8832pt>
File: 3_2_1_javna.png Graphic file (type png)
<use 3_2_1_javna.png>
Package pdftex.def Info: 3_2_1_javna.png  used on input line 400.
(pdftex.def)             Requested size: 412.56497pt x 252.90767pt.
 [23 <./graf_slanje_3.png>] [24 <./3_graf.png> <./3_2_1_lokalna.png>] [25 <./3_2_1_javna.png>]
<server.png, id=148, 410.53375pt x 47.17625pt>
File: server.png Graphic file (type png)
<use server.png>
Package pdftex.def Info: server.png  used on input line 421.
(pdftex.def)             Requested size: 412.56497pt x 47.40935pt.
<autoClient.png, id=149, 296.10625pt x 114.4275pt>
File: autoClient.png Graphic file (type png)
<use autoClient.png>
Package pdftex.def Info: autoClient.png  used on input line 427.
(pdftex.def)             Requested size: 330.05322pt x 127.5503pt.
<android_ui.png, id=150, 369.38pt x 613.29124pt>
File: android_ui.png Graphic file (type png)
<use android_ui.png>
Package pdftex.def Info: android_ui.png  used on input line 441.
(pdftex.def)             Requested size: 206.28249pt x 342.49557pt.


LaTeX Warning: `!h' float specifier changed to `!ht'.

[26

] [27 <./server.png> <./autoClient.png> <./android_ui.png>]
Poglavlje 5.
(./zavrsni.bbl [28

]
LaTeX Font Info:    Try loading font information for T1+pcr on input line 10.
 (/usr/local/texlive/2018/texmf-dist/tex/latex/psnfss/t1pcr.fd
File: t1pcr.fd 2001/06/04 font definitions for T1/pcr.
)
Underfull \hbox (badness 1953) in paragraph at lines 13--15
[]\T1/ptm/m/n/12 Java plat-form, api spe-ci-fi-ca-tion.  URL $\T1/pcr/m/n/12 https : / / docs . oracle . com /
 []


Underfull \hbox (badness 10000) in paragraph at lines 17--20
[]\T1/ptm/m/n/12 The ran-dom ac-cess me-mory com-pu-ter sci-ence essay.  URL
 []


Underfull \hbox (badness 10000) in paragraph at lines 17--20
\T1/pcr/m/n/12 https : / / www . ukessays . com / essays / computer-[]science /
 []


Underfull \hbox (badness 1331) in paragraph at lines 22--27
[]\T1/ptm/m/n/12 Peter Ha-ugen, Ian Myers, Bret Sad-ler, i John Whid-den.  A ba-sic over-
 []


Underfull \hbox (badness 3009) in paragraph at lines 22--27
\T1/ptm/m/n/12 view of com-mo-nly en-co-un-te-red types of ran-dom ac-cess me-mory (ram).
 []


Underfull \hbox (badness 2409) in paragraph at lines 22--27
\T1/ptm/m/n/12 URL $\T1/pcr/m/n/12 https : / / www . rose-[]hulman . edu / Class / ee / yoder / ece332 /
 []


Underfull \hbox (badness 2529) in paragraph at lines 43--47
[]\T1/ptm/m/n/12 Jamie Mc-Kane.  Ssd vs hdd -- rand per gb price com-pa-ri-son, March
 []


Underfull \hbox (badness 10000) in paragraph at lines 43--47
\T1/ptm/m/n/12 2018.  URL $\T1/pcr/m/n/12 https : / / mybroadband . co . za / news / hardware /
 []


Underfull \hbox (badness 5711) in paragraph at lines 49--54
[]\T1/ptm/m/n/12 Bradley Mit-c-hell.  An over-view of soc-ket pro-gram-ming for com-pu-
 []


Underfull \hbox (badness 10000) in paragraph at lines 49--54
\T1/ptm/m/n/12 ter networ-king.  2017.  URL $\T1/pcr/m/n/12 https : / / www . lifewire . com /
 []

) [29

] [30] [31] (./zavrsni.aux)

LaTeX Warning: There were multiply-defined labels.

 ) 
Here is how much of TeX's memory you used:
 7329 strings out of 492649
 105589 string characters out of 6129623
 193919 words of memory out of 5000000
 10976 multiletter control sequences out of 15000+600000
 70350 words of font info for 88 fonts, out of 8000000 for 9000
 1141 hyphenation exceptions out of 8191
 43i,18n,49p,437b,439s stack positions out of 5000i,500n,10000p,200000b,80000s
{/usr/local/texlive/2018/texmf-dist/fonts/enc/dvips/base/8r.enc}</usr/local/texlive/2018/texmf-dist/fonts/type1/urw/courier/ucrr8a.pfb></usr/local/texlive/2018/texmf-dist/fonts/type1/urw/helvetic/uhvb8a.pfb></usr/local/texlive/2018/texmf-dist/fonts/type1/urw/helvetic/uhvr8a.pfb></usr/local/texlive/2018/texmf-dist/fonts/type1/urw/times/utmb8a.pfb></usr/local/texlive/2018/texmf-dist/fonts/type1/urw/times/utmr8a.pfb></usr/local/texlive/2018/texmf-dist/fonts/type1/urw/times/utmri8a.pfb>
Output written on zavrsni.pdf (35 pages, 7270676 bytes).
PDF statistics:
 197 PDF objects out of 1000 (max. 8388607)
 104 compressed objects within 2 object streams
 0 named destinations out of 1000 (max. 500000)
 146 words of extra memory for PDF output out of 10000 (max. 10000000)

